<?xml version="1.0" encoding="UTF-8"?>
<testsuite xmlns:xsi="http://www.w3.org/2001/XMLSchema-instance" xsi:noNamespaceSchemaLocation="https://maven.apache.org/surefire/maven-surefire-plugin/xsd/surefire-test-report.xsd" name="TestSuite" time="56.058" tests="58" errors="0" skipped="0" failures="0">
  <properties>
    <property name="surefire.suiteXmlFiles" value="Controllers/b2cNegativeTests.xml"/>
    <property name="java.specification.version" value="17"/>
    <property name="sun.jnu.encoding" value="UTF-8"/>
    <property name="java.class.path" value="/Users/ent20071214/IdeaProjects/TE_APIs/target/test-classes:/Users/ent20071214/IdeaProjects/TE_APIs/target/classes:/Users/ent20071214/.m2/repository/com/aventstack/extentreports/5.0.9/extentreports-5.0.9.jar:/Users/ent20071214/.m2/repository/io/reactivex/rxjava3/rxjava/3.0.4/rxjava-3.0.4.jar:/Users/ent20071214/.m2/repository/org/reactivestreams/reactive-streams/1.0.3/reactive-streams-1.0.3.jar:/Users/ent20071214/.m2/repository/org/freemarker/freemarker/2.3.30/freemarker-2.3.30.jar:/Users/ent20071214/.m2/repository/com/google/code/gson/gson/2.8.6/gson-2.8.6.jar:/Users/ent20071214/.m2/repository/org/projectlombok/lombok/1.18.22/lombok-1.18.22.jar:/Users/ent20071214/.m2/repository/org/slf4j/slf4j-api/2.0.3/slf4j-api-2.0.3.jar:/Users/ent20071214/.m2/repository/org/slf4j/log4j-over-slf4j/2.0.3/log4j-over-slf4j-2.0.3.jar:/Users/ent20071214/.m2/repository/org/slf4j/slf4j-simple/2.0.3/slf4j-simple-2.0.3.jar:/Users/ent20071214/.m2/repository/io/rest-assured/rest-assured/5.2.0/rest-assured-5.2.0.jar:/Users/ent20071214/.m2/repository/org/apache/groovy/groovy/4.0.1/groovy-4.0.1.jar:/Users/ent20071214/.m2/repository/org/apache/groovy/groovy-xml/4.0.1/groovy-xml-4.0.1.jar:/Users/ent20071214/.m2/repository/org/apache/httpcomponents/httpmime/4.5.13/httpmime-4.5.13.jar:/Users/ent20071214/.m2/repository/org/hamcrest/hamcrest/2.1/hamcrest-2.1.jar:/Users/ent20071214/.m2/repository/org/ccil/cowan/tagsoup/tagsoup/1.2.1/tagsoup-1.2.1.jar:/Users/ent20071214/.m2/repository/io/rest-assured/json-schema-validator/5.2.0/json-schema-validator-5.2.0.jar:/Users/ent20071214/.m2/repository/com/github/java-json-tools/json-schema-validator/2.2.14/json-schema-validator-2.2.14.jar:/Users/ent20071214/.m2/repository/com/google/guava/guava/28.2-android/guava-28.2-android.jar:/Users/ent20071214/.m2/repository/com/google/guava/failureaccess/1.0.1/failureaccess-1.0.1.jar:/Users/ent20071214/.m2/repository/com/google/guava/listenablefuture/9999.0-empty-to-avoid-conflict-with-guava/listenablefuture-9999.0-empty-to-avoid-conflict-with-guava.jar:/Users/ent20071214/.m2/repository/org/checkerframework/checker-compat-qual/2.5.5/checker-compat-qual-2.5.5.jar:/Users/ent20071214/.m2/repository/com/google/errorprone/error_prone_annotations/2.3.4/error_prone_annotations-2.3.4.jar:/Users/ent20071214/.m2/repository/com/google/j2objc/j2objc-annotations/1.3/j2objc-annotations-1.3.jar:/Users/ent20071214/.m2/repository/com/github/java-json-tools/jackson-coreutils-equivalence/1.0/jackson-coreutils-equivalence-1.0.jar:/Users/ent20071214/.m2/repository/com/github/java-json-tools/jackson-coreutils/2.0/jackson-coreutils-2.0.jar:/Users/ent20071214/.m2/repository/com/github/java-json-tools/msg-simple/1.2/msg-simple-1.2.jar:/Users/ent20071214/.m2/repository/com/github/java-json-tools/btf/1.3/btf-1.3.jar:/Users/ent20071214/.m2/repository/com/github/java-json-tools/json-schema-core/1.2.14/json-schema-core-1.2.14.jar:/Users/ent20071214/.m2/repository/com/github/java-json-tools/uri-template/0.10/uri-template-0.10.jar:/Users/ent20071214/.m2/repository/org/mozilla/rhino/1.7.7.2/rhino-1.7.7.2.jar:/Users/ent20071214/.m2/repository/com/sun/mail/mailapi/1.6.2/mailapi-1.6.2.jar:/Users/ent20071214/.m2/repository/joda-time/joda-time/2.10.5/joda-time-2.10.5.jar:/Users/ent20071214/.m2/repository/com/googlecode/libphonenumber/libphonenumber/8.11.1/libphonenumber-8.11.1.jar:/Users/ent20071214/.m2/repository/com/google/code/findbugs/jsr305/3.0.2/jsr305-3.0.2.jar:/Users/ent20071214/.m2/repository/net/sf/jopt-simple/jopt-simple/5.0.4/jopt-simple-5.0.4.jar:/Users/ent20071214/.m2/repository/io/rest-assured/json-path/5.3.0/json-path-5.3.0.jar:/Users/ent20071214/.m2/repository/org/apache/groovy/groovy-json/4.0.6/groovy-json-4.0.6.jar:/Users/ent20071214/.m2/repository/io/rest-assured/rest-assured-common/5.3.0/rest-assured-common-5.3.0.jar:/Users/ent20071214/.m2/repository/io/rest-assured/xml-path/5.1.1/xml-path-5.1.1.jar:/Users/ent20071214/.m2/repository/org/apache/commons/commons-lang3/3.11/commons-lang3-3.11.jar:/Users/ent20071214/.m2/repository/org/testng/testng/6.14.3/testng-6.14.3.jar:/Users/ent20071214/.m2/repository/com/beust/jcommander/1.72/jcommander-1.72.jar:/Users/ent20071214/.m2/repository/org/apache-extras/beanshell/bsh/2.0b6/bsh-2.0b6.jar:/Users/ent20071214/.m2/repository/com/googlecode/json-simple/json-simple/1.1/json-simple-1.1.jar:/Users/ent20071214/.m2/repository/org/apache/httpcomponents/httpcore/4.4.16/httpcore-4.4.16.jar:/Users/ent20071214/.m2/repository/org/apache/httpcomponents/httpclient/4.5.14/httpclient-4.5.14.jar:/Users/ent20071214/.m2/repository/commons-logging/commons-logging/1.2/commons-logging-1.2.jar:/Users/ent20071214/.m2/repository/com/fasterxml/jackson/core/jackson-core/2.14.1/jackson-core-2.14.1.jar:/Users/ent20071214/.m2/repository/com/fasterxml/jackson/core/jackson-databind/2.14.1/jackson-databind-2.14.1.jar:/Users/ent20071214/.m2/repository/com/fasterxml/jackson/core/jackson-annotations/2.14.1/jackson-annotations-2.14.1.jar:/Users/ent20071214/.m2/repository/commons-codec/commons-codec/1.15/commons-codec-1.15.jar:/Users/ent20071214/.m2/repository/org/hamcrest/hamcrest-all/1.3/hamcrest-all-1.3.jar:/Users/ent20071214/.m2/repository/com/github/javafaker/javafaker/1.0.2/javafaker-1.0.2.jar:/Users/ent20071214/.m2/repository/org/yaml/snakeyaml/1.23/snakeyaml-1.23-android.jar:/Users/ent20071214/.m2/repository/com/github/mifmif/generex/1.0.2/generex-1.0.2.jar:/Users/ent20071214/.m2/repository/dk/brics/automaton/automaton/1.11-8/automaton-1.11-8.jar:/Users/ent20071214/.m2/repository/com/mysql/mysql-connector-j/8.0.33/mysql-connector-j-8.0.33.jar:/Users/ent20071214/.m2/repository/com/google/protobuf/protobuf-java/3.21.9/protobuf-java-3.21.9.jar:"/>
    <property name="java.vm.vendor" value="Oracle Corporation"/>
    <property name="sun.arch.data.model" value="64"/>
    <property name="java.vendor.url" value="https://java.oracle.com/"/>
    <property name="os.name" value="Mac OS X"/>
    <property name="java.vm.specification.version" value="17"/>
    <property name="sun.java.launcher" value="SUN_STANDARD"/>
    <property name="user.country" value="PK"/>
    <property name="sun.boot.library.path" value="/Library/Java/JavaVirtualMachines/jdk-17.jdk/Contents/Home/lib"/>
    <property name="sun.java.command" value="/Users/ent20071214/IdeaProjects/TE_APIs/target/surefire/surefirebooter7717163692646181629.jar /Users/ent20071214/IdeaProjects/TE_APIs/target/surefire 2023-08-07T13-10-03_770-jvmRun1 surefire9694230986448471831tmp surefire_02881106605509743464tmp"/>
    <property name="http.nonProxyHosts" value="local|*.local|169.254/16|*.169.254/16"/>
    <property name="jdk.debug" value="release"/>
    <property name="surefire.test.class.path" value="/Users/ent20071214/IdeaProjects/TE_APIs/target/test-classes:/Users/ent20071214/IdeaProjects/TE_APIs/target/classes:/Users/ent20071214/.m2/repository/com/aventstack/extentreports/5.0.9/extentreports-5.0.9.jar:/Users/ent20071214/.m2/repository/io/reactivex/rxjava3/rxjava/3.0.4/rxjava-3.0.4.jar:/Users/ent20071214/.m2/repository/org/reactivestreams/reactive-streams/1.0.3/reactive-streams-1.0.3.jar:/Users/ent20071214/.m2/repository/org/freemarker/freemarker/2.3.30/freemarker-2.3.30.jar:/Users/ent20071214/.m2/repository/com/google/code/gson/gson/2.8.6/gson-2.8.6.jar:/Users/ent20071214/.m2/repository/org/projectlombok/lombok/1.18.22/lombok-1.18.22.jar:/Users/ent20071214/.m2/repository/org/slf4j/slf4j-api/2.0.3/slf4j-api-2.0.3.jar:/Users/ent20071214/.m2/repository/org/slf4j/log4j-over-slf4j/2.0.3/log4j-over-slf4j-2.0.3.jar:/Users/ent20071214/.m2/repository/org/slf4j/slf4j-simple/2.0.3/slf4j-simple-2.0.3.jar:/Users/ent20071214/.m2/repository/io/rest-assured/rest-assured/5.2.0/rest-assured-5.2.0.jar:/Users/ent20071214/.m2/repository/org/apache/groovy/groovy/4.0.1/groovy-4.0.1.jar:/Users/ent20071214/.m2/repository/org/apache/groovy/groovy-xml/4.0.1/groovy-xml-4.0.1.jar:/Users/ent20071214/.m2/repository/org/apache/httpcomponents/httpmime/4.5.13/httpmime-4.5.13.jar:/Users/ent20071214/.m2/repository/org/hamcrest/hamcrest/2.1/hamcrest-2.1.jar:/Users/ent20071214/.m2/repository/org/ccil/cowan/tagsoup/tagsoup/1.2.1/tagsoup-1.2.1.jar:/Users/ent20071214/.m2/repository/io/rest-assured/json-schema-validator/5.2.0/json-schema-validator-5.2.0.jar:/Users/ent20071214/.m2/repository/com/github/java-json-tools/json-schema-validator/2.2.14/json-schema-validator-2.2.14.jar:/Users/ent20071214/.m2/repository/com/google/guava/guava/28.2-android/guava-28.2-android.jar:/Users/ent20071214/.m2/repository/com/google/guava/failureaccess/1.0.1/failureaccess-1.0.1.jar:/Users/ent20071214/.m2/repository/com/google/guava/listenablefuture/9999.0-empty-to-avoid-conflict-with-guava/listenablefuture-9999.0-empty-to-avoid-conflict-with-guava.jar:/Users/ent20071214/.m2/repository/org/checkerframework/checker-compat-qual/2.5.5/checker-compat-qual-2.5.5.jar:/Users/ent20071214/.m2/repository/com/google/errorprone/error_prone_annotations/2.3.4/error_prone_annotations-2.3.4.jar:/Users/ent20071214/.m2/repository/com/google/j2objc/j2objc-annotations/1.3/j2objc-annotations-1.3.jar:/Users/ent20071214/.m2/repository/com/github/java-json-tools/jackson-coreutils-equivalence/1.0/jackson-coreutils-equivalence-1.0.jar:/Users/ent20071214/.m2/repository/com/github/java-json-tools/jackson-coreutils/2.0/jackson-coreutils-2.0.jar:/Users/ent20071214/.m2/repository/com/github/java-json-tools/msg-simple/1.2/msg-simple-1.2.jar:/Users/ent20071214/.m2/repository/com/github/java-json-tools/btf/1.3/btf-1.3.jar:/Users/ent20071214/.m2/repository/com/github/java-json-tools/json-schema-core/1.2.14/json-schema-core-1.2.14.jar:/Users/ent20071214/.m2/repository/com/github/java-json-tools/uri-template/0.10/uri-template-0.10.jar:/Users/ent20071214/.m2/repository/org/mozilla/rhino/1.7.7.2/rhino-1.7.7.2.jar:/Users/ent20071214/.m2/repository/com/sun/mail/mailapi/1.6.2/mailapi-1.6.2.jar:/Users/ent20071214/.m2/repository/joda-time/joda-time/2.10.5/joda-time-2.10.5.jar:/Users/ent20071214/.m2/repository/com/googlecode/libphonenumber/libphonenumber/8.11.1/libphonenumber-8.11.1.jar:/Users/ent20071214/.m2/repository/com/google/code/findbugs/jsr305/3.0.2/jsr305-3.0.2.jar:/Users/ent20071214/.m2/repository/net/sf/jopt-simple/jopt-simple/5.0.4/jopt-simple-5.0.4.jar:/Users/ent20071214/.m2/repository/io/rest-assured/json-path/5.3.0/json-path-5.3.0.jar:/Users/ent20071214/.m2/repository/org/apache/groovy/groovy-json/4.0.6/groovy-json-4.0.6.jar:/Users/ent20071214/.m2/repository/io/rest-assured/rest-assured-common/5.3.0/rest-assured-common-5.3.0.jar:/Users/ent20071214/.m2/repository/io/rest-assured/xml-path/5.1.1/xml-path-5.1.1.jar:/Users/ent20071214/.m2/repository/org/apache/commons/commons-lang3/3.11/commons-lang3-3.11.jar:/Users/ent20071214/.m2/repository/org/testng/testng/6.14.3/testng-6.14.3.jar:/Users/ent20071214/.m2/repository/com/beust/jcommander/1.72/jcommander-1.72.jar:/Users/ent20071214/.m2/repository/org/apache-extras/beanshell/bsh/2.0b6/bsh-2.0b6.jar:/Users/ent20071214/.m2/repository/com/googlecode/json-simple/json-simple/1.1/json-simple-1.1.jar:/Users/ent20071214/.m2/repository/org/apache/httpcomponents/httpcore/4.4.16/httpcore-4.4.16.jar:/Users/ent20071214/.m2/repository/org/apache/httpcomponents/httpclient/4.5.14/httpclient-4.5.14.jar:/Users/ent20071214/.m2/repository/commons-logging/commons-logging/1.2/commons-logging-1.2.jar:/Users/ent20071214/.m2/repository/com/fasterxml/jackson/core/jackson-core/2.14.1/jackson-core-2.14.1.jar:/Users/ent20071214/.m2/repository/com/fasterxml/jackson/core/jackson-databind/2.14.1/jackson-databind-2.14.1.jar:/Users/ent20071214/.m2/repository/com/fasterxml/jackson/core/jackson-annotations/2.14.1/jackson-annotations-2.14.1.jar:/Users/ent20071214/.m2/repository/commons-codec/commons-codec/1.15/commons-codec-1.15.jar:/Users/ent20071214/.m2/repository/org/hamcrest/hamcrest-all/1.3/hamcrest-all-1.3.jar:/Users/ent20071214/.m2/repository/com/github/javafaker/javafaker/1.0.2/javafaker-1.0.2.jar:/Users/ent20071214/.m2/repository/org/yaml/snakeyaml/1.23/snakeyaml-1.23-android.jar:/Users/ent20071214/.m2/repository/com/github/mifmif/generex/1.0.2/generex-1.0.2.jar:/Users/ent20071214/.m2/repository/dk/brics/automaton/automaton/1.11-8/automaton-1.11-8.jar:/Users/ent20071214/.m2/repository/com/mysql/mysql-connector-j/8.0.33/mysql-connector-j-8.0.33.jar:/Users/ent20071214/.m2/repository/com/google/protobuf/protobuf-java/3.21.9/protobuf-java-3.21.9.jar:"/>
    <property name="sun.cpu.endian" value="little"/>
    <property name="user.home" value="/Users/ent20071214"/>
    <property name="user.language" value="en"/>
    <property name="java.specification.vendor" value="Oracle Corporation"/>
    <property name="java.version.date" value="2023-04-18"/>
    <property name="java.home" value="/Library/Java/JavaVirtualMachines/jdk-17.jdk/Contents/Home"/>
    <property name="file.separator" value="/"/>
    <property name="basedir" value="/Users/ent20071214/IdeaProjects/TE_APIs"/>
    <property name="java.vm.compressedOopsMode" value="Zero based"/>
    <property name="line.separator" value="&#10;"/>
    <property name="java.vm.specification.vendor" value="Oracle Corporation"/>
    <property name="java.specification.name" value="Java Platform API Specification"/>
    <property name="surefire.real.class.path" value="/Users/ent20071214/IdeaProjects/TE_APIs/target/surefire/surefirebooter7717163692646181629.jar"/>
    <property name="sun.management.compiler" value="HotSpot 64-Bit Tiered Compilers"/>
    <property name="ftp.nonProxyHosts" value="local|*.local|169.254/16|*.169.254/16"/>
    <property name="java.runtime.version" value="17.0.7+8-LTS-224"/>
    <property name="user.name" value="ent20071214"/>
    <property name="path.separator" value=":"/>
    <property name="os.version" value="13.5"/>
    <property name="java.runtime.name" value="Java(TM) SE Runtime Environment"/>
    <property name="file.encoding" value="UTF-8"/>
    <property name="Language" value="a99r"/>
    <property name="java.vm.name" value="Java HotSpot(TM) 64-Bit Server VM"/>
    <property name="localRepository" value="/Users/ent20071214/.m2/repository"/>
    <property name="java.vendor.url.bug" value="https://bugreport.java.com/bugreport/"/>
    <property name="java.io.tmpdir" value="/var/folders/_l/kcn8_l9149ndftphmp_t7cqh0000gq/T/"/>
    <property name="java.version" value="17.0.7"/>
    <property name="user.dir" value="/Users/ent20071214/IdeaProjects/TE_APIs"/>
    <property name="os.arch" value="x86_64"/>
    <property name="java.vm.specification.name" value="Java Virtual Machine Specification"/>
    <property name="native.encoding" value="UTF-8"/>
    <property name="java.library.path" value="/Users/ent20071214/Library/Java/Extensions:/Library/Java/Extensions:/Network/Library/Java/Extensions:/System/Library/Java/Extensions:/usr/lib/java:."/>
    <property name="java.vm.info" value="mixed mode, sharing"/>
    <property name="java.vendor" value="Oracle Corporation"/>
    <property name="java.vm.version" value="17.0.7+8-LTS-224"/>
    <property name="sun.io.unicode.encoding" value="UnicodeBig"/>
    <property name="socksNonProxyHosts" value="local|*.local|169.254/16|*.169.254/16"/>
    <property name="java.class.version" value="61.0"/>
    <property name="maven.test.failure.ignore" value="true"/>
    <property name="argLine" value="-Dfile.encoding=UTF-8"/>
  </properties>
  <testcase name="checkStatus" classname="te.application.api.test.B2C.positive.ForgetPasswordTest" time="0.41"/>
  <testcase name="checkMessage" classname="te.application.api.test.B2C.positive.ForgetPasswordTest" time="0.009"/>
  <testcase name="successMessage" classname="te.application.api.test.B2C.positive.ForgetPasswordTest" time="0.008"/>
  <testcase name="checkSentStatus" classname="te.application.api.test.B2C.positive.ForgetPasswordTest" time="0.009"/>
  <testcase name="checkResetPasswordMessage" classname="te.application.api.test.B2C.positive.ForgetPasswordTest" time="0.007"/>
  <testcase name="signUpWithBlankCredentials" classname="te.application.api.test.B2C.negative.SignUpTest" time="0.712"/>
  <testcase name="signUpWithFirstNameOnly" classname="te.application.api.test.B2C.negative.SignUpTest" time="0.876"/>
  <testcase name="signUpWithLastNameOnly" classname="te.application.api.test.B2C.negative.SignUpTest" time="0.671"/>
  <testcase name="signUpWithPasswordOnly" classname="te.application.api.test.B2C.negative.SignUpTest" time="0.735"/>
  <testcase name="signupWithEmailAndFirstName" classname="te.application.api.test.B2C.negative.SignUpTest" time="0.689"/>
  <testcase name="signupWithEmailAndLastName" classname="te.application.api.test.B2C.negative.SignUpTest" time="0.654"/>
  <testcase name="signupWithEmailAndPassword" classname="te.application.api.test.B2C.negative.SignUpTest" time="1.135"/>
  <testcase name="signupWithFirstNameAndLastName" classname="te.application.api.test.B2C.negative.SignUpTest" time="0.876"/>
  <testcase name="signupWithFirstNameAndPassword" classname="te.application.api.test.B2C.negative.SignUpTest" time="0.629"/>
  <testcase name="signupWithEmailFirstNameLastName" classname="te.application.api.test.B2C.negative.SignUpTest" time="0.581"/>
  <testcase name="signupWithEmailFirstNamePassword" classname="te.application.api.test.B2C.negative.SignUpTest" time="1.191"/>
  <testcase name="signupWithLastNameFirstNamePassword" classname="te.application.api.test.B2C.negative.SignUpTest" time="0.618"/>
  <testcase name="signupWithEmailLastNamePassword" classname="te.application.api.test.B2C.negative.SignUpTest" time="0.58"/>
  <testcase name="signupWithEmailFirstNameLastNamePassword" classname="te.application.api.test.B2C.negative.SignUpTest" time="1.857"/>
  <testcase name="signupWithOnlyDateOfBirth" classname="te.application.api.test.B2C.negative.SignUpTest" time="0.668"/>
  <testcase name="signupWithOnlyDateOfBirthAndFirstName" classname="te.application.api.test.B2C.negative.SignUpTest" time="0.605"/>
  <testcase name="signupWithOnlyDateOfBirthAndLastName" classname="te.application.api.test.B2C.negative.SignUpTest" time="1.993"/>
  <testcase name="signupWithOnlyDateOfBirthFirstNameLastName" classname="te.application.api.test.B2C.negative.SignUpTest" time="0.642"/>
  <testcase name="signupWithOnlyEmailDateOfBirthFirstNameLastName" classname="te.application.api.test.B2C.negative.SignUpTest" time="0.524"/>
  <testcase name="signupWithOnlyEmailDateOfBirthFirstNameLastNamePassword" classname="te.application.api.test.B2C.negative.SignUpTest" time="1.997"/>
  <testcase name="signupWithOnlyEmailDateOfBirthPassword" classname="te.application.api.test.B2C.negative.SignUpTest" time="0.532"/>
  <testcase name="signupWithOnlyDateOfBirthPassword" classname="te.application.api.test.B2C.negative.SignUpTest" time="0.624"/>
  <testcase name="signupWithOnlyNationality" classname="te.application.api.test.B2C.negative.SignUpTest" time="0.811"/>
  <testcase name="signupWithOnlyNationalityFirstName" classname="te.application.api.test.B2C.negative.SignUpTest" time="0.582"/>
  <testcase name="signupWithOnlyNationalityEmail" classname="te.application.api.test.B2C.negative.SignUpTest" time="0.688"/>
  <testcase name="signupWithOnlyNationalityPassword" classname="te.application.api.test.B2C.negative.SignUpTest" time="0.647"/>
  <testcase name="signupWithOnlyNationalityDateOfBirth" classname="te.application.api.test.B2C.negative.SignUpTest" time="0.507"/>
  <testcase name="signupWithOnlyNationalityFirstNameEmail" classname="te.application.api.test.B2C.negative.SignUpTest" time="0.44"/>
  <testcase name="signupWithOnlyNationalityLastNameEmail" classname="te.application.api.test.B2C.negative.SignUpTest" time="0.475"/>
  <testcase name="signupWithOnlyNationalityFirstNamePassword" classname="te.application.api.test.B2C.negative.SignUpTest" time="0.522"/>
  <testcase name="signupWithOnlyNationalityLastNamePassword" classname="te.application.api.test.B2C.negative.SignUpTest" time="0.57"/>
  <testcase name="signupWithOnlyNationalityFirstNameDateOfBirth" classname="te.application.api.test.B2C.negative.SignUpTest" time="0.74"/>
  <testcase name="signupWithOnlyNationalityLastNameDateOfBirth" classname="te.application.api.test.B2C.negative.SignUpTest" time="1.036"/>
  <testcase name="signupWithOnlyNationalityEmailPasswordDateOfBirth" classname="te.application.api.test.B2C.negative.SignUpTest" time="1.104"/>
  <testcase name="signupWithOnlyNationalityEmailFirstNameLastNameDateOfBirth" classname="te.application.api.test.B2C.negative.SignUpTest" time="0.662"/>
  <testcase name="signupWithOnlyNationalityDateOfBirthFirstNameLastNamePassword" classname="te.application.api.test.B2C.negative.SignUpTest" time="0.516"/>
  <testcase name="signupWithOnlyNationalityDateOfBirthFirstNameLastNamePasswordEmail" classname="te.application.api.test.B2C.negative.SignUpTest" time="1.831"/>
  <testcase name="signupWithOnlyNationalityDateOfBirthFirstNamePasswordEmail" classname="te.application.api.test.B2C.negative.SignUpTest" time="0.554"/>
  <testcase name="signupWithOnlyNationalityDateOfBirthLastNamePasswordEmail" classname="te.application.api.test.B2C.negative.SignUpTest" time="0.594"/>
  <testcase name="checkStatus" classname="te.application.api.test.B2C.positive.SignUpTest" time="0"/>
  <testcase name="checkMessage" classname="te.application.api.test.B2C.positive.SignUpTest" time="0.006"/>
  <testcase name="checkFirstName" classname="te.application.api.test.B2C.positive.SignUpTest" time="0.007"/>
  <testcase name="checkLastName" classname="te.application.api.test.B2C.positive.SignUpTest" time="0.007"/>
  <testcase name="checkSessionToken" classname="te.application.api.test.B2C.positive.SignUpTest" time="0.007"/>
  <testcase name="checkNewResister" classname="te.application.api.test.B2C.positive.SignUpTest" time="0.006"/>
  <testcase name="checkNationality" classname="te.application.api.test.B2C.positive.SignUpTest" time="0.006"/>
  <testcase name="checkBirthdate" classname="te.application.api.test.B2C.positive.SignUpTest" time="0.006"/>
  <testcase name="checkAlreadyExistEmail" classname="te.application.api.test.B2C.positive.SignUpTest" time="1.22"/>
  <testcase name="signInWithRandomEmailAndValidPassword" classname="te.application.api.test.B2C.negative.SignInTest" time="0.483"/>
  <testcase name="signInWithValidEmailAndRandomPassword" classname="te.application.api.test.B2C.negative.SignInTest" time="0.893"/>
  <testcase name="signInWithBlankCredentials" classname="te.application.api.test.B2C.negative.SignInTest" time="0.45"/>
  <testcase name="signInWithEmailOnly" classname="te.application.api.test.B2C.negative.SignInTest" time="0.585"/>
  <testcase name="signInWithPasswordOnly" classname="te.application.api.test.B2C.negative.SignInTest" time="0.366"/>
</testsuite>