<?xml version="1.0" encoding="UTF-8"?>
<!-- Generated by org.testng.reporters.JUnitReportReporter -->
<testsuite hostname="ENT20071214.local" failures="0" tests="9" name="te.application.api.test.B2C.positive.SignUpTest" time="1.264" errors="0" timestamp="07 Aug 2023 08:11:00 GMT" skipped="0">
  <testcase classname="te.application.api.test.B2C.positive.SignUpTest" name="checkStatus" time="0.001"/>
  <testcase classname="te.application.api.test.B2C.positive.SignUpTest" name="checkMessage" time="0.006"/>
  <testcase classname="te.application.api.test.B2C.positive.SignUpTest" name="checkFirstName" time="0.006"/>
  <testcase classname="te.application.api.test.B2C.positive.SignUpTest" name="checkLastName" time="0.006"/>
  <testcase classname="te.application.api.test.B2C.positive.SignUpTest" name="checkSessionToken" time="0.007"/>
  <testcase classname="te.application.api.test.B2C.positive.SignUpTest" name="checkNewResister" time="0.006"/>
  <testcase classname="te.application.api.test.B2C.positive.SignUpTest" name="checkNationality" time="0.006"/>
  <testcase classname="te.application.api.test.B2C.positive.SignUpTest" name="checkBirthdate" time="0.006"/>
  <testcase classname="te.application.api.test.B2C.positive.SignUpTest" name="checkAlreadyExistEmail" time="1.220"/>
</testsuite> <!-- te.application.api.test.B2C.positive.SignUpTest -->
