<?xml version="1.0" encoding="UTF-8"?>
<!-- Generated by org.testng.reporters.JUnitReportReporter -->
<testsuite hostname="ENT20071214.local" failures="0" tests="5" name="te.application.api.test.B2C.negative.SignInTest" time="2.776" errors="0" timestamp="07 Aug 2023 08:11:00 GMT" skipped="0">
  <testcase classname="te.application.api.test.B2C.negative.SignInTest" name="signInWithRandomEmailAndValidPassword" time="0.483"/>
  <testcase classname="te.application.api.test.B2C.negative.SignInTest" name="signInWithValidEmailAndRandomPassword" time="0.893"/>
  <testcase classname="te.application.api.test.B2C.negative.SignInTest" name="signInWithBlankCredentials" time="0.449"/>
  <testcase classname="te.application.api.test.B2C.negative.SignInTest" name="signInWithEmailOnly" time="0.585"/>
  <testcase classname="te.application.api.test.B2C.negative.SignInTest" name="signInWithPasswordOnly" time="0.366"/>
</testsuite> <!-- te.application.api.test.B2C.negative.SignInTest -->
