<?xml version="1.0" encoding="UTF-8"?>
<!-- Generated by org.testng.reporters.JUnitReportReporter -->
<testsuite hostname="ENT20071214.local" failures="0" tests="39" name="te.application.api.test.B2C.negative.SignUpTest" time="31.665" errors="0" timestamp="07 Aug 2023 08:11:00 GMT" skipped="0">
  <testcase classname="te.application.api.test.B2C.negative.SignUpTest" name="signUpWithBlankCredentials" time="0.712"/>
  <testcase classname="te.application.api.test.B2C.negative.SignUpTest" name="signUpWithFirstNameOnly" time="0.876"/>
  <testcase classname="te.application.api.test.B2C.negative.SignUpTest" name="signUpWithLastNameOnly" time="0.671"/>
  <testcase classname="te.application.api.test.B2C.negative.SignUpTest" name="signUpWithPasswordOnly" time="0.734"/>
  <testcase classname="te.application.api.test.B2C.negative.SignUpTest" name="signupWithEmailAndFirstName" time="0.689"/>
  <testcase classname="te.application.api.test.B2C.negative.SignUpTest" name="signupWithEmailAndLastName" time="0.653"/>
  <testcase classname="te.application.api.test.B2C.negative.SignUpTest" name="signupWithEmailAndPassword" time="1.135"/>
  <testcase classname="te.application.api.test.B2C.negative.SignUpTest" name="signupWithFirstNameAndLastName" time="0.877"/>
  <testcase classname="te.application.api.test.B2C.negative.SignUpTest" name="signupWithFirstNameAndPassword" time="0.629"/>
  <testcase classname="te.application.api.test.B2C.negative.SignUpTest" name="signupWithEmailFirstNameLastName" time="0.580"/>
  <testcase classname="te.application.api.test.B2C.negative.SignUpTest" name="signupWithEmailFirstNamePassword" time="1.190"/>
  <testcase classname="te.application.api.test.B2C.negative.SignUpTest" name="signupWithLastNameFirstNamePassword" time="0.618"/>
  <testcase classname="te.application.api.test.B2C.negative.SignUpTest" name="signupWithEmailLastNamePassword" time="0.579"/>
  <testcase classname="te.application.api.test.B2C.negative.SignUpTest" name="signupWithEmailFirstNameLastNamePassword" time="1.856"/>
  <testcase classname="te.application.api.test.B2C.negative.SignUpTest" name="signupWithOnlyDateOfBirth" time="0.668"/>
  <testcase classname="te.application.api.test.B2C.negative.SignUpTest" name="signupWithOnlyDateOfBirthAndFirstName" time="0.605"/>
  <testcase classname="te.application.api.test.B2C.negative.SignUpTest" name="signupWithOnlyDateOfBirthAndLastName" time="1.993"/>
  <testcase classname="te.application.api.test.B2C.negative.SignUpTest" name="signupWithOnlyDateOfBirthFirstNameLastName" time="0.643"/>
  <testcase classname="te.application.api.test.B2C.negative.SignUpTest" name="signupWithOnlyEmailDateOfBirthFirstNameLastName" time="0.523"/>
  <testcase classname="te.application.api.test.B2C.negative.SignUpTest" name="signupWithOnlyEmailDateOfBirthFirstNameLastNamePassword" time="1.997"/>
  <testcase classname="te.application.api.test.B2C.negative.SignUpTest" name="signupWithOnlyEmailDateOfBirthPassword" time="0.532"/>
  <testcase classname="te.application.api.test.B2C.negative.SignUpTest" name="signupWithOnlyDateOfBirthPassword" time="0.623"/>
  <testcase classname="te.application.api.test.B2C.negative.SignUpTest" name="signupWithOnlyNationality" time="0.811"/>
  <testcase classname="te.application.api.test.B2C.negative.SignUpTest" name="signupWithOnlyNationalityFirstName" time="0.583"/>
  <testcase classname="te.application.api.test.B2C.negative.SignUpTest" name="signupWithOnlyNationalityEmail" time="0.688"/>
  <testcase classname="te.application.api.test.B2C.negative.SignUpTest" name="signupWithOnlyNationalityPassword" time="0.647"/>
  <testcase classname="te.application.api.test.B2C.negative.SignUpTest" name="signupWithOnlyNationalityDateOfBirth" time="0.507"/>
  <testcase classname="te.application.api.test.B2C.negative.SignUpTest" name="signupWithOnlyNationalityFirstNameEmail" time="0.440"/>
  <testcase classname="te.application.api.test.B2C.negative.SignUpTest" name="signupWithOnlyNationalityLastNameEmail" time="0.475"/>
  <testcase classname="te.application.api.test.B2C.negative.SignUpTest" name="signupWithOnlyNationalityFirstNamePassword" time="0.522"/>
  <testcase classname="te.application.api.test.B2C.negative.SignUpTest" name="signupWithOnlyNationalityLastNamePassword" time="0.570"/>
  <testcase classname="te.application.api.test.B2C.negative.SignUpTest" name="signupWithOnlyNationalityFirstNameDateOfBirth" time="0.740"/>
  <testcase classname="te.application.api.test.B2C.negative.SignUpTest" name="signupWithOnlyNationalityLastNameDateOfBirth" time="1.037"/>
  <testcase classname="te.application.api.test.B2C.negative.SignUpTest" name="signupWithOnlyNationalityEmailPasswordDateOfBirth" time="1.105"/>
  <testcase classname="te.application.api.test.B2C.negative.SignUpTest" name="signupWithOnlyNationalityEmailFirstNameLastNameDateOfBirth" time="0.663"/>
  <testcase classname="te.application.api.test.B2C.negative.SignUpTest" name="signupWithOnlyNationalityDateOfBirthFirstNameLastNamePassword" time="0.516"/>
  <testcase classname="te.application.api.test.B2C.negative.SignUpTest" name="signupWithOnlyNationalityDateOfBirthFirstNameLastNamePasswordEmail" time="1.830"/>
  <testcase classname="te.application.api.test.B2C.negative.SignUpTest" name="signupWithOnlyNationalityDateOfBirthFirstNamePasswordEmail" time="0.554"/>
  <testcase classname="te.application.api.test.B2C.negative.SignUpTest" name="signupWithOnlyNationalityDateOfBirthLastNamePasswordEmail" time="0.594"/>
</testsuite> <!-- te.application.api.test.B2C.negative.SignUpTest -->
